::1 - - [26/Aug/2016:06:41:29 +0000] "POST /users/signUp HTTP/1.1" 403 46
::1 - - [26/Aug/2016:06:46:20 +0000] "POST /users/signUp HTTP/1.1" - -
::1 - - [26/Aug/2016:06:48:01 +0000] "POST /users/signUp HTTP/1.1" 403 46
::1 - - [26/Aug/2016:06:48:05 +0000] "POST /users/signUp HTTP/1.1" 200 368
::1 - - [26/Aug/2016:06:51:08 +0000] "POST /users/login HTTP/1.1" 200 360
::1 - - [26/Aug/2016:07:29:55 +0000] "POST /users/login HTTP/1.1" 500 2
::1 - - [26/Aug/2016:07:30:11 +0000] "POST /users/login HTTP/1.1" 500 2
::1 - - [26/Aug/2016:07:30:41 +0000] "POST /users/login HTTP/1.1" 403 44
::1 - - [26/Aug/2016:07:30:45 +0000] "POST /users/login HTTP/1.1" 200 360
::1 - - [26/Aug/2016:07:30:50 +0000] "POST /users/login HTTP/1.1" 500 2
::1 - - [26/Aug/2016:07:31:26 +0000] "POST /users/login HTTP/1.1" 403 44
::1 - - [26/Aug/2016:07:31:30 +0000] "POST /users/login HTTP/1.1" 500 2
::1 - - [26/Aug/2016:07:32:19 +0000] "POST /users/login HTTP/1.1" 500 2
::1 - - [26/Aug/2016:07:35:49 +0000] "POST /users/login HTTP/1.1" 500 2
::1 - - [26/Aug/2016:07:35:56 +0000] "POST /users/login HTTP/1.1" 200 360
::1 - - [26/Aug/2016:07:35:59 +0000] "POST /users/login HTTP/1.1" 500 2
::1 - - [26/Aug/2016:07:36:12 +0000] "POST /users/login HTTP/1.1" 500 2
::1 - - [26/Aug/2016:07:36:18 +0000] "POST /users/login HTTP/1.1" 500 2
::1 - - [26/Aug/2016:07:37:54 +0000] "POST /users/login HTTP/1.1" 500 2
::1 - - [26/Aug/2016:07:38:06 +0000] "POST /users/login HTTP/1.1" 500 2
::1 - - [26/Aug/2016:07:38:47 +0000] "POST /users/login HTTP/1.1" 403 44
::1 - - [26/Aug/2016:07:38:59 +0000] "POST /users/login HTTP/1.1" 403 44
::1 - - [26/Aug/2016:07:39:10 +0000] "POST /users/login HTTP/1.1" 403 47
::1 - - [26/Aug/2016:07:39:17 +0000] "POST /users/login HTTP/1.1" 500 2
::1 - - [26/Aug/2016:07:39:29 +0000] "POST /users/login HTTP/1.1" 500 2
::1 - - [26/Aug/2016:07:39:42 +0000] "POST /users/login HTTP/1.1" 200 360
::1 - - [26/Aug/2016:07:39:46 +0000] "POST /users/login HTTP/1.1" 403 47
::1 - - [26/Aug/2016:07:39:50 +0000] "POST /users/login HTTP/1.1" 403 44
::1 - - [26/Aug/2016:07:39:53 +0000] "POST /users/login HTTP/1.1" 403 47
::1 - - [26/Aug/2016:07:39:57 +0000] "POST /users/login HTTP/1.1" 200 360
::1 - - [26/Aug/2016:07:40:05 +0000] "POST /users/login HTTP/1.1" 403 46
::1 - - [26/Aug/2016:07:40:08 +0000] "POST /users/login HTTP/1.1" 200 360
::1 - - [26/Aug/2016:18:37:29 +0000] "POST /users/signUp HTTP/1.1" 200 354
::1 - - [26/Aug/2016:18:37:33 +0000] "POST /users/signUp HTTP/1.1" 403 46
::1 - - [26/Aug/2016:18:37:39 +0000] "POST /users/signUp HTTP/1.1" 403 44
::1 - - [26/Aug/2016:18:37:42 +0000] "POST /users/signUp HTTP/1.1" 403 47
::1 - - [26/Aug/2016:18:37:47 +0000] "POST /users/signUp HTTP/1.1" 403 47
::1 - - [26/Aug/2016:18:37:52 +0000] "POST /users/signUp HTTP/1.1" 403 46
::1 - - [26/Aug/2016:18:37:56 +0000] "POST /users/signUp HTTP/1.1" 200 356
::1 - - [26/Aug/2016:18:38:51 +0000] "POST /users/signUp HTTP/1.1" 403 46
::1 - - [26/Aug/2016:18:38:56 +0000] "POST /users/signUp HTTP/1.1" 200 356
::1 - - [26/Aug/2016:18:39:52 +0000] "POST /users/login HTTP/1.1" 200 356
::1 - - [26/Aug/2016:18:39:57 +0000] "POST /users/login HTTP/1.1" 403 47
::1 - - [26/Aug/2016:18:40:01 +0000] "POST /users/login HTTP/1.1" 403 44
::1 - - [26/Aug/2016:18:40:04 +0000] "POST /users/login HTTP/1.1" 403 47
::1 - - [26/Aug/2016:18:40:09 +0000] "POST /users/login HTTP/1.1" 403 46
::1 - - [26/Aug/2016:18:40:17 +0000] "POST /users/login HTTP/1.1" 200 356
::1 - - [26/Aug/2016:18:40:33 +0000] "POST /users/login HTTP/1.1" 403 47
::1 - - [26/Aug/2016:18:40:44 +0000] "POST /users/login HTTP/1.1" 200 356
::1 - - [26/Aug/2016:18:40:48 +0000] "POST /users/login HTTP/1.1" 403 41
::1 - - [26/Aug/2016:18:40:52 +0000] "POST /users/login HTTP/1.1" 200 356
::1 - - [26/Aug/2016:18:41:55 +0000] "POST /users/recoverPassword HTTP/1.1" 501 14
::1 - - [26/Aug/2016:18:41:59 +0000] "POST /users/recoverPassword HTTP/1.1" 501 14
::1 - - [26/Aug/2016:18:45:42 +0000] "POST /users/signUp HTTP/1.1" 200 356
::1 - - [26/Aug/2016:18:45:48 +0000] "POST /users/signUp HTTP/1.1" 403 46
::1 - - [26/Aug/2016:18:52:56 +0000] "GET /projects?skip=0&limit=20 HTTP/1.1" - -
::1 - - [26/Aug/2016:18:52:57 +0000] "GET /projects?skip=0&limit=20 HTTP/1.1" 403 46
::1 - - [26/Aug/2016:18:53:02 +0000] "GET /projects?skip=0&limit=20 HTTP/1.1" 403 46
::1 - - [26/Aug/2016:18:53:05 +0000] "GET /projects?skip=0&limit=20 HTTP/1.1" 403 44
::1 - - [26/Aug/2016:18:53:10 +0000] "GET /projects?skip=0&limit=20 HTTP/1.1" 403 46
::1 - - [26/Aug/2016:18:55:11 +0000] "GET /projects?skip=0&limit=20 HTTP/1.1" - -
::1 - - [26/Aug/2016:18:56:23 +0000] "GET /projects HTTP/1.1" - -
::1 - - [26/Aug/2016:18:56:49 +0000] "GET / HTTP/1.1" 403 46
::1 - - [26/Aug/2016:18:56:54 +0000] "GET /projects HTTP/1.1" 403 46
::1 - - [26/Aug/2016:19:39:06 +0000] "POST /users/login HTTP/1.1" 400 173
::1 - - [26/Aug/2016:19:39:15 +0000] "POST /users/login HTTP/1.1" 400 173
::1 - - [26/Aug/2016:19:41:10 +0000] "POST /users/login HTTP/1.1" 400 155
::1 - - [26/Aug/2016:19:41:23 +0000] "POST /users/login HTTP/1.1" 400 155
::1 - - [26/Aug/2016:19:41:31 +0000] "POST /users/login HTTP/1.1" 400 155
::1 - - [26/Aug/2016:19:42:08 +0000] "POST /users/login HTTP/1.1" 500 2
::1 - - [26/Aug/2016:19:42:11 +0000] "POST /users/login HTTP/1.1" 500 2
::1 - - [26/Aug/2016:19:42:34 +0000] "POST /users/login HTTP/1.1" 500 2
::1 - - [26/Aug/2016:19:42:35 +0000] "POST /users/login HTTP/1.1" 500 2
::1 - - [26/Aug/2016:19:42:39 +0000] "POST /users/login HTTP/1.1" 500 2
::1 - - [26/Aug/2016:19:42:47 +0000] "POST /users/login HTTP/1.1" 400 155
::1 - - [26/Aug/2016:19:42:51 +0000] "POST /users/login HTTP/1.1" 400 155
::1 - - [26/Aug/2016:19:43:11 +0000] "POST /users/login HTTP/1.1" 400 264
::1 - - [26/Aug/2016:19:44:12 +0000] "POST /users/login HTTP/1.1" - -
::1 - - [26/Aug/2016:19:44:15 +0000] "POST /users/login HTTP/1.1" 400 155
::1 - - [26/Aug/2016:19:56:47 +0000] "POST /users/login HTTP/1.1" - -
::1 - - [26/Aug/2016:20:01:31 +0000] "POST /users/login HTTP/1.1" 500 17
::1 - - [26/Aug/2016:20:01:44 +0000] "POST /users/login HTTP/1.1" 500 17
::1 - - [26/Aug/2016:20:01:51 +0000] "POST /users/login HTTP/1.1" 500 17
::1 - - [26/Aug/2016:20:01:54 +0000] "POST /users/login HTTP/1.1" 500 17
::1 - - [26/Aug/2016:20:02:36 +0000] "POST /users/login HTTP/1.1" 500 17
::1 - - [26/Aug/2016:20:03:14 +0000] "POST /users/login HTTP/1.1" 500 17
::1 - - [26/Aug/2016:20:03:27 +0000] "POST /users/login HTTP/1.1" 500 17
::1 - - [26/Aug/2016:20:05:43 +0000] "POST /users/login HTTP/1.1" 500 2
::1 - - [26/Aug/2016:20:06:13 +0000] "POST /users/login HTTP/1.1" 500 2
::1 - - [26/Aug/2016:20:06:41 +0000] "POST /users/login HTTP/1.1" 400 155
::1 - - [26/Aug/2016:20:06:45 +0000] "POST /users/login HTTP/1.1" 500 2
::1 - - [26/Aug/2016:20:09:25 +0000] "POST /users/login HTTP/1.1" - -
::1 - - [26/Aug/2016:20:09:28 +0000] "POST /users/login HTTP/1.1" 400 155
::1 - - [26/Aug/2016:20:11:31 +0000] "POST /users/login HTTP/1.1" - -
::1 - - [26/Aug/2016:20:11:32 +0000] "POST /users/login HTTP/1.1" 403 46
::1 - - [26/Aug/2016:20:11:40 +0000] "POST /users/login HTTP/1.1" 400 155
::1 - - [26/Aug/2016:20:12:59 +0000] "POST /users/login HTTP/1.1" 500 2
::1 - - [26/Aug/2016:20:16:34 +0000] "POST /users/login HTTP/1.1" 200 422
::1 - - [26/Aug/2016:20:17:50 +0000] "POST /users/login HTTP/1.1" 400 155
::1 - - [26/Aug/2016:20:17:54 +0000] "POST /users/login HTTP/1.1" 200 422
::1 - - [26/Aug/2016:20:17:58 +0000] "POST /users/login HTTP/1.1" 400 156
::1 - - [26/Aug/2016:20:18:04 +0000] "POST /users/login HTTP/1.1" 400 150
::1 - - [26/Aug/2016:20:18:07 +0000] "POST /users/login HTTP/1.1" 400 254
::1 - - [26/Aug/2016:20:18:12 +0000] "POST /users/login HTTP/1.1" 400 160
::1 - - [26/Aug/2016:20:18:17 +0000] "POST /users/login HTTP/1.1" 200 422
